---------------ERROR---------------
Time: Fri Feb 14 14:45:03 CET 2014

Hint from Developer: 
WARNING!! 
List of Categories may not be empty!

Exception: 
No Exception given 
------------------------------------

---------------ERROR---------------
Time: Fri Feb 14 14:48:49 CET 2014

Hint from Developer: 
WARNING!! 
List of Categories may not be empty!

Exception: 
No Exception given 
------------------------------------

---------------ERROR---------------
Time: Fri Feb 14 14:54:18 CET 2014

Hint from Developer: 
WARNING!! 
List of Categories may not be empty!

Exception: 
No Exception given 
------------------------------------

---------------ERROR---------------
Time: Fri Feb 14 14:54:42 CET 2014

Hint from Developer: 
WARNING!! 
List of Categories may not be empty!

Exception: 
No Exception given 
------------------------------------

---------------ERROR---------------
Time: Fri Feb 14 14:57:49 CET 2014

Hint from Developer: 
WARNING!! 
List of Categories may not be empty!

Exception: 
No Exception given 
------------------------------------

---------------ERROR---------------
Time: Fri Feb 14 15:07:15 CET 2014

Hint from Developer: 
WARNING!! 
List of Categories may not be empty!

Exception: 
No Exception given 
------------------------------------

